<?xml version="1.0" encoding="UTF-8"?>
<coverage generated="1787400664828" clover="3.2.0">
  <project timestamp="1787400664828" name="All files">
    <metrics statements="67" coveredstatements="59" conditionals="15" coveredconditionals="13" methods="28" coveredmethods="23" elements="110" coveredelements="95" complexity="0" loc="67" ncloc="67" packages="1" files="3" classes="3"/>
    <file name="loadResources.js" path="/home/serg/workout/backend-project-4/src/loadResources.js">
      <metrics statements="24" coveredstatements="22" conditionals="6" coveredconditionals="6" methods="9" coveredmethods="8"/>
      <line num="7" count="1" type="stmt"/>
      <line num="13" count="1" type="stmt"/>
      <line num="15" count="12" type="stmt"/>
      <line num="17" count="1" type="stmt"/>
      <line num="18" count="9" type="stmt"/>
      <line num="19" count="9" type="stmt"/>
      <line num="23" count="4" type="stmt"/>
      <line num="24" count="4" type="stmt"/>
      <line num="26" count="4" type="stmt"/>
      <line num="27" count="15" type="stmt"/>
      <line num="28" count="15" type="stmt"/>
      <line num="29" count="15" type="stmt"/>
      <line num="31" count="63" type="cond" truecount="4" falsecount="0"/>
      <line num="32" count="3" type="stmt"/>
      <line num="36" count="12" type="stmt"/>
      <line num="37" count="12" type="stmt"/>
      <line num="39" count="0" type="stmt"/>
      <line num="42" count="12" type="cond" truecount="2" falsecount="0"/>
      <line num="43" count="3" type="stmt"/>
      <line num="46" count="9" type="stmt"/>
      <line num="47" count="9" type="stmt"/>
      <line num="49" count="9" type="stmt"/>
      <line num="50" count="0" type="stmt"/>
      <line num="56" count="4" type="stmt"/>
    </file>
    <file name="pageLoader.js" path="/home/serg/workout/backend-project-4/src/pageLoader.js">
      <metrics statements="31" coveredstatements="25" conditionals="5" coveredconditionals="4" methods="16" coveredmethods="12"/>
      <line num="10" count="1" type="stmt"/>
      <line num="12" count="1" type="stmt"/>
      <line num="13" count="6" type="stmt"/>
      <line num="14" count="6" type="stmt"/>
      <line num="16" count="0" type="stmt"/>
      <line num="20" count="1" type="cond" truecount="1" falsecount="0"/>
      <line num="21" count="9" type="stmt"/>
      <line num="25" count="6" type="stmt"/>
      <line num="26" count="6" type="stmt"/>
      <line num="27" count="6" type="stmt"/>
      <line num="28" count="6" type="stmt"/>
      <line num="29" count="6" type="stmt"/>
      <line num="31" count="6" type="stmt"/>
      <line num="33" count="4" type="stmt"/>
      <line num="35" count="2" type="stmt"/>
      <line num="42" count="4" type="stmt"/>
      <line num="43" count="4" type="stmt"/>
      <line num="45" count="4" type="stmt"/>
      <line num="50" count="4" type="stmt"/>
      <line num="54" count="9" type="stmt"/>
      <line num="55" count="2" type="stmt"/>
      <line num="57" count="7" type="cond" truecount="2" falsecount="0"/>
      <line num="58" count="1" type="stmt"/>
      <line num="60" count="6" type="stmt"/>
      <line num="61" count="4" type="stmt"/>
      <line num="65" count="1" type="stmt"/>
      <line num="66" count="0" type="stmt"/>
      <line num="72" count="0" type="stmt"/>
      <line num="74" count="0" type="stmt"/>
      <line num="77" count="0" type="stmt"/>
      <line num="78" count="0" type="stmt"/>
    </file>
    <file name="utils.js" path="/home/serg/workout/backend-project-4/src/utils.js">
      <metrics statements="12" coveredstatements="12" conditionals="4" coveredconditionals="3" methods="3" coveredmethods="3"/>
      <line num="3" count="1" type="stmt"/>
      <line num="4" count="6" type="stmt"/>
      <line num="5" count="6" type="stmt"/>
      <line num="8" count="1" type="stmt"/>
      <line num="9" count="9" type="stmt"/>
      <line num="10" count="9" type="stmt"/>
      <line num="11" count="9" type="stmt"/>
      <line num="12" count="9" type="cond" truecount="1" falsecount="1"/>
      <line num="15" count="1" type="stmt"/>
      <line num="16" count="2" type="cond" truecount="2" falsecount="0"/>
      <line num="17" count="1" type="stmt"/>
      <line num="19" count="1" type="stmt"/>
    </file>
  </project>
</coverage>
