<?xml version="1.0" encoding="UTF-8"?>
<coverage generated="1786729226117" clover="3.2.0">
  <project timestamp="1786729226117" name="All files">
    <metrics statements="66" coveredstatements="58" conditionals="15" coveredconditionals="14" methods="26" coveredmethods="21" elements="107" coveredelements="93" complexity="0" loc="66" ncloc="66" packages="1" files="3" classes="3"/>
    <file name="loadResources.js" path="/home/serg/workout/backend-project-4/src/loadResources.js">
      <metrics statements="24" coveredstatements="22" conditionals="6" coveredconditionals="6" methods="9" coveredmethods="8"/>
      <line num="7" count="1" type="stmt"/>
      <line num="13" count="1" type="stmt"/>
      <line num="15" count="9" type="stmt"/>
      <line num="17" count="1" type="stmt"/>
      <line num="18" count="7" type="stmt"/>
      <line num="19" count="7" type="stmt"/>
      <line num="23" count="3" type="stmt"/>
      <line num="24" count="3" type="stmt"/>
      <line num="26" count="3" type="stmt"/>
      <line num="27" count="11" type="stmt"/>
      <line num="28" count="11" type="stmt"/>
      <line num="29" count="11" type="stmt"/>
      <line num="31" count="47" type="cond" truecount="4" falsecount="0"/>
      <line num="32" count="2" type="stmt"/>
      <line num="36" count="9" type="stmt"/>
      <line num="37" count="9" type="stmt"/>
      <line num="39" count="0" type="stmt"/>
      <line num="42" count="9" type="cond" truecount="2" falsecount="0"/>
      <line num="43" count="2" type="stmt"/>
      <line num="46" count="7" type="stmt"/>
      <line num="47" count="7" type="stmt"/>
      <line num="50" count="7" type="stmt"/>
      <line num="53" count="0" type="stmt"/>
      <line num="58" count="3" type="stmt"/>
    </file>
    <file name="pageLoader.js" path="/home/serg/workout/backend-project-4/src/pageLoader.js">
      <metrics statements="30" coveredstatements="24" conditionals="5" coveredconditionals="4" methods="14" coveredmethods="10"/>
      <line num="10" count="1" type="stmt"/>
      <line num="12" count="1" type="stmt"/>
      <line num="15" count="0" type="stmt"/>
      <line num="21" count="0" type="stmt"/>
      <line num="23" count="0" type="stmt"/>
      <line num="26" count="0" type="stmt"/>
      <line num="27" count="0" type="stmt"/>
      <line num="33" count="1" type="cond" truecount="1" falsecount="0"/>
      <line num="35" count="8" type="stmt"/>
      <line num="36" count="8" type="stmt"/>
      <line num="38" count="0" type="stmt"/>
      <line num="40" count="8" type="stmt"/>
      <line num="41" count="8" type="stmt"/>
      <line num="42" count="8" type="stmt"/>
      <line num="43" count="8" type="stmt"/>
      <line num="44" count="8" type="stmt"/>
      <line num="46" count="8" type="stmt"/>
      <line num="47" count="2" type="stmt"/>
      <line num="49" count="6" type="cond" truecount="2" falsecount="0"/>
      <line num="50" count="1" type="stmt"/>
      <line num="53" count="5" type="stmt"/>
      <line num="57" count="5" type="stmt"/>
      <line num="59" count="3" type="stmt"/>
      <line num="61" count="2" type="stmt"/>
      <line num="67" count="3" type="stmt"/>
      <line num="68" count="3" type="stmt"/>
      <line num="70" count="3" type="stmt"/>
      <line num="76" count="3" type="stmt"/>
      <line num="81" count="5" type="stmt"/>
      <line num="82" count="3" type="stmt"/>
    </file>
    <file name="utils.js" path="/home/serg/workout/backend-project-4/src/utils.js">
      <metrics statements="12" coveredstatements="12" conditionals="4" coveredconditionals="4" methods="3" coveredmethods="3"/>
      <line num="3" count="2" type="stmt"/>
      <line num="4" count="10" type="stmt"/>
      <line num="5" count="10" type="stmt"/>
      <line num="8" count="2" type="stmt"/>
      <line num="9" count="9" type="stmt"/>
      <line num="10" count="9" type="stmt"/>
      <line num="11" count="9" type="stmt"/>
      <line num="12" count="9" type="cond" truecount="2" falsecount="0"/>
      <line num="15" count="2" type="stmt"/>
      <line num="16" count="2" type="cond" truecount="2" falsecount="0"/>
      <line num="17" count="1" type="stmt"/>
      <line num="19" count="1" type="stmt"/>
    </file>
  </project>
</coverage>
