{"/home/serg/workout/backend-project-4/src/loadResources.js": {"path":"/home/serg/workout/backend-project-4/src/loadResources.js","statementMap":{"0":{"start":{"line":7,"column":22},"end":{"line":11,"column":1}},"1":{"start":{"line":13,"column":25},"end":{"line":13,"column":73}},"2":{"start":{"line":15,"column":19},"end":{"line":15,"column":82}},"3":{"start":{"line":15,"column":45},"end":{"line":15,"column":82}},"4":{"start":{"line":17,"column":25},"end":{"line":20,"column":1}},"5":{"start":{"line":18,"column":4},"end":{"line":19,"column":90}},"6":{"start":{"line":19,"column":28},"end":{"line":19,"column":89}},"7":{"start":{"line":23,"column":14},"end":{"line":23,"column":32}},"8":{"start":{"line":24,"column":18},"end":{"line":24,"column":20}},"9":{"start":{"line":26,"column":4},"end":{"line":56,"column":7}},"10":{"start":{"line":27,"column":20},"end":{"line":27,"column":55}},"11":{"start":{"line":28,"column":26},"end":{"line":28,"column":44}},"12":{"start":{"line":29,"column":26},"end":{"line":29,"column":47}},"13":{"start":{"line":31,"column":8},"end":{"line":33,"column":9}},"14":{"start":{"line":31,"column":60},"end":{"line":31,"column":88}},"15":{"start":{"line":32,"column":12},"end":{"line":32,"column":19}},"16":{"start":{"line":36,"column":8},"end":{"line":40,"column":9}},"17":{"start":{"line":37,"column":12},"end":{"line":37,"column":54}},"18":{"start":{"line":39,"column":12},"end":{"line":39,"column":19}},"19":{"start":{"line":42,"column":8},"end":{"line":44,"column":9}},"20":{"start":{"line":43,"column":12},"end":{"line":43,"column":19}},"21":{"start":{"line":46,"column":25},"end":{"line":46,"column":54}},"22":{"start":{"line":47,"column":8},"end":{"line":55,"column":10}},"23":{"start":{"line":50,"column":20},"end":{"line":50,"column":73}},"24":{"start":{"line":53,"column":20},"end":{"line":53,"column":103}},"25":{"start":{"line":58,"column":4},"end":{"line":58,"column":51}},"26":{"start":{"line":58,"column":41},"end":{"line":58,"column":49}}},"fnMap":{"0":{"name":"(anonymous_0)","decl":{"start":{"line":15,"column":19},"end":{"line":15,"column":20}},"loc":{"start":{"line":15,"column":45},"end":{"line":15,"column":82}},"line":15},"1":{"name":"(anonymous_1)","decl":{"start":{"line":17,"column":25},"end":{"line":17,"column":26}},"loc":{"start":{"line":18,"column":4},"end":{"line":19,"column":90}},"line":18},"2":{"name":"(anonymous_2)","decl":{"start":{"line":19,"column":14},"end":{"line":19,"column":15}},"loc":{"start":{"line":19,"column":28},"end":{"line":19,"column":89}},"line":19},"3":{"name":"(anonymous_3)","decl":{"start":{"line":22,"column":15},"end":{"line":22,"column":16}},"loc":{"start":{"line":22,"column":57},"end":{"line":59,"column":1}},"line":22},"4":{"name":"(anonymous_4)","decl":{"start":{"line":26,"column":48},"end":{"line":26,"column":49}},"loc":{"start":{"line":26,"column":59},"end":{"line":56,"column":5}},"line":26},"5":{"name":"(anonymous_5)","decl":{"start":{"line":31,"column":48},"end":{"line":31,"column":49}},"loc":{"start":{"line":31,"column":60},"end":{"line":31,"column":88}},"line":31},"6":{"name":"(anonymous_6)","decl":{"start":{"line":49,"column":22},"end":{"line":49,"column":23}},"loc":{"start":{"line":49,"column":28},"end":{"line":51,"column":17}},"line":49},"7":{"name":"(anonymous_7)","decl":{"start":{"line":52,"column":23},"end":{"line":52,"column":24}},"loc":{"start":{"line":52,"column":34},"end":{"line":54,"column":17}},"line":52},"8":{"name":"(anonymous_8)","decl":{"start":{"line":58,"column":35},"end":{"line":58,"column":36}},"loc":{"start":{"line":58,"column":41},"end":{"line":58,"column":49}},"line":58}},"branchMap":{"0":{"loc":{"start":{"line":31,"column":8},"end":{"line":33,"column":9}},"type":"if","locations":[{"start":{"line":31,"column":8},"end":{"line":33,"column":9}},{"start":{},"end":{}}],"line":31},"1":{"loc":{"start":{"line":31,"column":12},"end":{"line":31,"column":89}},"type":"binary-expr","locations":[{"start":{"line":31,"column":12},"end":{"line":31,"column":22}},{"start":{"line":31,"column":26},"end":{"line":31,"column":89}}],"line":31},"2":{"loc":{"start":{"line":42,"column":8},"end":{"line":44,"column":9}},"type":"if","locations":[{"start":{"line":42,"column":8},"end":{"line":44,"column":9}},{"start":{},"end":{}}],"line":42}},"s":{"0":1,"1":1,"2":1,"3":9,"4":1,"5":7,"6":7,"7":3,"8":3,"9":3,"10":11,"11":11,"12":11,"13":11,"14":47,"15":2,"16":9,"17":9,"18":0,"19":9,"20":2,"21":7,"22":7,"23":7,"24":0,"25":3,"26":3},"f":{"0":9,"1":7,"2":7,"3":3,"4":11,"5":47,"6":7,"7":0,"8":3},"b":{"0":[2,9],"1":[11,11],"2":[2,7]},"inputSourceMap":null,"_coverageSchema":"1a1c01bbd47fc00a2c39e90264f33305004495a9","hash":"c78fe4755dfe43d08ec856a441c2e0f544636607"}
,"/home/serg/workout/backend-project-4/src/pageLoader.js": {"path":"/home/serg/workout/backend-project-4/src/pageLoader.js","statementMap":{"0":{"start":{"line":10,"column":0},"end":{"line":10,"column":17}},"1":{"start":{"line":12,"column":22},"end":{"line":31,"column":1}},"2":{"start":{"line":15,"column":4},"end":{"line":30,"column":17}},"3":{"start":{"line":21,"column":12},"end":{"line":28,"column":19}},"4":{"start":{"line":23,"column":20},"end":{"line":23,"column":72}},"5":{"start":{"line":26,"column":20},"end":{"line":26,"column":49}},"6":{"start":{"line":27,"column":20},"end":{"line":27,"column":41}},"7":{"start":{"line":33,"column":26},"end":{"line":83,"column":1}},"8":{"start":{"line":35,"column":4},"end":{"line":39,"column":5}},"9":{"start":{"line":36,"column":8},"end":{"line":36,"column":31}},"10":{"start":{"line":38,"column":8},"end":{"line":38,"column":47}},"11":{"start":{"line":40,"column":17},"end":{"line":40,"column":37}},"12":{"start":{"line":41,"column":25},"end":{"line":41,"column":39}},"13":{"start":{"line":42,"column":25},"end":{"line":42,"column":40}},"14":{"start":{"line":43,"column":25},"end":{"line":43,"column":59}},"15":{"start":{"line":44,"column":23},"end":{"line":44,"column":57}},"16":{"start":{"line":46,"column":17},"end":{"line":48,"column":6}},"17":{"start":{"line":47,"column":8},"end":{"line":47,"column":73}},"18":{"start":{"line":49,"column":4},"end":{"line":51,"column":5}},"19":{"start":{"line":50,"column":8},"end":{"line":50,"column":72}},"20":{"start":{"line":53,"column":18},"end":{"line":79,"column":76}},"21":{"start":{"line":57,"column":16},"end":{"line":62,"column":23}},"22":{"start":{"line":59,"column":24},"end":{"line":59,"column":40}},"23":{"start":{"line":61,"column":24},"end":{"line":61,"column":114}},"24":{"start":{"line":67,"column":27},"end":{"line":71,"column":18}},"25":{"start":{"line":68,"column":28},"end":{"line":68,"column":88}},"26":{"start":{"line":70,"column":20},"end":{"line":70,"column":36}},"27":{"start":{"line":76,"column":16},"end":{"line":76,"column":58}},"28":{"start":{"line":81,"column":4},"end":{"line":82,"column":32}},"29":{"start":{"line":82,"column":20},"end":{"line":82,"column":30}}},"fnMap":{"0":{"name":"(anonymous_0)","decl":{"start":{"line":12,"column":22},"end":{"line":12,"column":23}},"loc":{"start":{"line":12,"column":28},"end":{"line":31,"column":1}},"line":12},"1":{"name":"(anonymous_1)","decl":{"start":{"line":20,"column":16},"end":{"line":20,"column":17}},"loc":{"start":{"line":20,"column":40},"end":{"line":29,"column":9}},"line":20},"2":{"name":"(anonymous_2)","decl":{"start":{"line":22,"column":22},"end":{"line":22,"column":23}},"loc":{"start":{"line":22,"column":36},"end":{"line":24,"column":17}},"line":22},"3":{"name":"(anonymous_3)","decl":{"start":{"line":25,"column":23},"end":{"line":25,"column":24}},"loc":{"start":{"line":25,"column":34},"end":{"line":28,"column":17}},"line":25},"4":{"name":"(anonymous_4)","decl":{"start":{"line":33,"column":26},"end":{"line":33,"column":27}},"loc":{"start":{"line":33,"column":68},"end":{"line":83,"column":1}},"line":33},"5":{"name":"(anonymous_5)","decl":{"start":{"line":46,"column":48},"end":{"line":46,"column":49}},"loc":{"start":{"line":46,"column":54},"end":{"line":48,"column":5}},"line":46},"6":{"name":"(anonymous_6)","decl":{"start":{"line":56,"column":18},"end":{"line":56,"column":19}},"loc":{"start":{"line":56,"column":33},"end":{"line":63,"column":13}},"line":56},"7":{"name":"(anonymous_7)","decl":{"start":{"line":58,"column":26},"end":{"line":58,"column":27}},"loc":{"start":{"line":58,"column":38},"end":{"line":60,"column":21}},"line":58},"8":{"name":"(anonymous_8)","decl":{"start":{"line":60,"column":29},"end":{"line":60,"column":30}},"loc":{"start":{"line":60,"column":40},"end":{"line":62,"column":21}},"line":60},"9":{"name":"(anonymous_9)","decl":{"start":{"line":67,"column":18},"end":{"line":67,"column":19}},"loc":{"start":{"line":67,"column":27},"end":{"line":71,"column":18}},"line":67},"10":{"name":"(anonymous_10)","decl":{"start":{"line":68,"column":22},"end":{"line":68,"column":23}},"loc":{"start":{"line":68,"column":28},"end":{"line":68,"column":88}},"line":68},"11":{"name":"(anonymous_11)","decl":{"start":{"line":69,"column":22},"end":{"line":69,"column":23}},"loc":{"start":{"line":69,"column":32},"end":{"line":71,"column":17}},"line":69},"12":{"name":"(anonymous_12)","decl":{"start":{"line":75,"column":18},"end":{"line":75,"column":19}},"loc":{"start":{"line":75,"column":27},"end":{"line":77,"column":13}},"line":75},"13":{"name":"(anonymous_13)","decl":{"start":{"line":82,"column":14},"end":{"line":82,"column":15}},"loc":{"start":{"line":82,"column":20},"end":{"line":82,"column":30}},"line":82}},"branchMap":{"0":{"loc":{"start":{"line":33,"column":38},"end":{"line":33,"column":63}},"type":"default-arg","locations":[{"start":{"line":33,"column":50},"end":{"line":33,"column":63}}],"line":33},"1":{"loc":{"start":{"line":49,"column":4},"end":{"line":51,"column":5}},"type":"if","locations":[{"start":{"line":49,"column":4},"end":{"line":51,"column":5}},{"start":{},"end":{}}],"line":49},"2":{"loc":{"start":{"line":79,"column":19},"end":{"line":79,"column":73}},"type":"cond-expr","locations":[{"start":{"line":79,"column":53},"end":{"line":79,"column":61}},{"start":{"line":79,"column":64},"end":{"line":79,"column":73}}],"line":79}},"s":{"0":1,"1":1,"2":0,"3":0,"4":0,"5":0,"6":0,"7":1,"8":8,"9":8,"10":0,"11":8,"12":8,"13":8,"14":8,"15":8,"16":8,"17":2,"18":6,"19":1,"20":5,"21":5,"22":3,"23":2,"24":3,"25":3,"26":3,"27":3,"28":5,"29":3},"f":{"0":0,"1":0,"2":0,"3":0,"4":8,"5":2,"6":5,"7":3,"8":2,"9":3,"10":3,"11":3,"12":3,"13":3},"b":{"0":[1],"1":[1,5],"2":[5,0]},"inputSourceMap":null,"_coverageSchema":"1a1c01bbd47fc00a2c39e90264f33305004495a9","hash":"b09c40bb89dfbb5ec254712f5d88ba2f84d1af8e"}
,"/home/serg/workout/backend-project-4/src/utils.js": {"path":"/home/serg/workout/backend-project-4/src/utils.js","statementMap":{"0":{"start":{"line":3,"column":31},"end":{"line":6,"column":1}},"1":{"start":{"line":4,"column":31},"end":{"line":4,"column":43}},"2":{"start":{"line":5,"column":4},"end":{"line":5,"column":55}},"3":{"start":{"line":8,"column":32},"end":{"line":13,"column":1}},"4":{"start":{"line":9,"column":31},"end":{"line":9,"column":51}},"5":{"start":{"line":10,"column":31},"end":{"line":10,"column":57}},"6":{"start":{"line":11,"column":22},"end":{"line":11,"column":83}},"7":{"start":{"line":12,"column":4},"end":{"line":12,"column":60}},"8":{"start":{"line":15,"column":31},"end":{"line":20,"column":1}},"9":{"start":{"line":16,"column":4},"end":{"line":18,"column":5}},"10":{"start":{"line":17,"column":8},"end":{"line":17,"column":78}},"11":{"start":{"line":19,"column":4},"end":{"line":19,"column":25}}},"fnMap":{"0":{"name":"(anonymous_0)","decl":{"start":{"line":3,"column":31},"end":{"line":3,"column":32}},"loc":{"start":{"line":3,"column":40},"end":{"line":6,"column":1}},"line":3},"1":{"name":"(anonymous_1)","decl":{"start":{"line":8,"column":32},"end":{"line":8,"column":33}},"loc":{"start":{"line":8,"column":49},"end":{"line":13,"column":1}},"line":8},"2":{"name":"(anonymous_2)","decl":{"start":{"line":15,"column":31},"end":{"line":15,"column":32}},"loc":{"start":{"line":15,"column":42},"end":{"line":20,"column":1}},"line":15}},"branchMap":{"0":{"loc":{"start":{"line":12,"column":11},"end":{"line":12,"column":59}},"type":"cond-expr","locations":[{"start":{"line":12,"column":17},"end":{"line":12,"column":37}},{"start":{"line":12,"column":40},"end":{"line":12,"column":59}}],"line":12},"1":{"loc":{"start":{"line":16,"column":4},"end":{"line":18,"column":5}},"type":"if","locations":[{"start":{"line":16,"column":4},"end":{"line":18,"column":5}},{"start":{},"end":{}}],"line":16}},"s":{"0":2,"1":10,"2":10,"3":2,"4":9,"5":9,"6":9,"7":9,"8":2,"9":2,"10":1,"11":1},"f":{"0":10,"1":9,"2":2},"b":{"0":[8,1],"1":[1,1]},"inputSourceMap":null,"_coverageSchema":"1a1c01bbd47fc00a2c39e90264f33305004495a9","hash":"e5eda7066bad0bb997b695b031313d3b91fa0f3f"}
}
