{"/home/serg/workout/backend-project-4/src/loadResources.js": {"path":"/home/serg/workout/backend-project-4/src/loadResources.js","statementMap":{"0":{"start":{"line":7,"column":22},"end":{"line":11,"column":1}},"1":{"start":{"line":13,"column":25},"end":{"line":13,"column":73}},"2":{"start":{"line":15,"column":19},"end":{"line":15,"column":82}},"3":{"start":{"line":15,"column":45},"end":{"line":15,"column":82}},"4":{"start":{"line":17,"column":25},"end":{"line":20,"column":1}},"5":{"start":{"line":18,"column":4},"end":{"line":19,"column":90}},"6":{"start":{"line":19,"column":28},"end":{"line":19,"column":89}},"7":{"start":{"line":23,"column":14},"end":{"line":23,"column":32}},"8":{"start":{"line":24,"column":18},"end":{"line":24,"column":20}},"9":{"start":{"line":26,"column":4},"end":{"line":54,"column":7}},"10":{"start":{"line":27,"column":20},"end":{"line":27,"column":55}},"11":{"start":{"line":28,"column":26},"end":{"line":28,"column":44}},"12":{"start":{"line":29,"column":26},"end":{"line":29,"column":47}},"13":{"start":{"line":31,"column":8},"end":{"line":33,"column":9}},"14":{"start":{"line":31,"column":60},"end":{"line":31,"column":88}},"15":{"start":{"line":32,"column":12},"end":{"line":32,"column":19}},"16":{"start":{"line":36,"column":8},"end":{"line":40,"column":9}},"17":{"start":{"line":37,"column":12},"end":{"line":37,"column":54}},"18":{"start":{"line":39,"column":12},"end":{"line":39,"column":19}},"19":{"start":{"line":42,"column":8},"end":{"line":44,"column":9}},"20":{"start":{"line":43,"column":12},"end":{"line":43,"column":19}},"21":{"start":{"line":46,"column":25},"end":{"line":46,"column":54}},"22":{"start":{"line":47,"column":8},"end":{"line":53,"column":10}},"23":{"start":{"line":49,"column":28},"end":{"line":49,"column":80}},"24":{"start":{"line":50,"column":34},"end":{"line":52,"column":17}},"25":{"start":{"line":56,"column":4},"end":{"line":56,"column":51}},"26":{"start":{"line":56,"column":41},"end":{"line":56,"column":49}}},"fnMap":{"0":{"name":"(anonymous_0)","decl":{"start":{"line":15,"column":19},"end":{"line":15,"column":20}},"loc":{"start":{"line":15,"column":45},"end":{"line":15,"column":82}},"line":15},"1":{"name":"(anonymous_1)","decl":{"start":{"line":17,"column":25},"end":{"line":17,"column":26}},"loc":{"start":{"line":18,"column":4},"end":{"line":19,"column":90}},"line":18},"2":{"name":"(anonymous_2)","decl":{"start":{"line":19,"column":14},"end":{"line":19,"column":15}},"loc":{"start":{"line":19,"column":28},"end":{"line":19,"column":89}},"line":19},"3":{"name":"(anonymous_3)","decl":{"start":{"line":22,"column":15},"end":{"line":22,"column":16}},"loc":{"start":{"line":22,"column":57},"end":{"line":57,"column":1}},"line":22},"4":{"name":"(anonymous_4)","decl":{"start":{"line":26,"column":48},"end":{"line":26,"column":49}},"loc":{"start":{"line":26,"column":59},"end":{"line":54,"column":5}},"line":26},"5":{"name":"(anonymous_5)","decl":{"start":{"line":31,"column":48},"end":{"line":31,"column":49}},"loc":{"start":{"line":31,"column":60},"end":{"line":31,"column":88}},"line":31},"6":{"name":"(anonymous_6)","decl":{"start":{"line":49,"column":22},"end":{"line":49,"column":23}},"loc":{"start":{"line":49,"column":28},"end":{"line":49,"column":80}},"line":49},"7":{"name":"(anonymous_7)","decl":{"start":{"line":50,"column":23},"end":{"line":50,"column":24}},"loc":{"start":{"line":50,"column":34},"end":{"line":52,"column":17}},"line":50},"8":{"name":"(anonymous_8)","decl":{"start":{"line":56,"column":35},"end":{"line":56,"column":36}},"loc":{"start":{"line":56,"column":41},"end":{"line":56,"column":49}},"line":56}},"branchMap":{"0":{"loc":{"start":{"line":31,"column":8},"end":{"line":33,"column":9}},"type":"if","locations":[{"start":{"line":31,"column":8},"end":{"line":33,"column":9}},{"start":{},"end":{}}],"line":31},"1":{"loc":{"start":{"line":31,"column":12},"end":{"line":31,"column":89}},"type":"binary-expr","locations":[{"start":{"line":31,"column":12},"end":{"line":31,"column":22}},{"start":{"line":31,"column":26},"end":{"line":31,"column":89}}],"line":31},"2":{"loc":{"start":{"line":42,"column":8},"end":{"line":44,"column":9}},"type":"if","locations":[{"start":{"line":42,"column":8},"end":{"line":44,"column":9}},{"start":{},"end":{}}],"line":42}},"s":{"0":1,"1":1,"2":1,"3":12,"4":1,"5":9,"6":9,"7":4,"8":4,"9":4,"10":15,"11":15,"12":15,"13":15,"14":63,"15":3,"16":12,"17":12,"18":0,"19":12,"20":3,"21":9,"22":9,"23":9,"24":0,"25":4,"26":4},"f":{"0":12,"1":9,"2":9,"3":4,"4":15,"5":63,"6":9,"7":0,"8":4},"b":{"0":[3,12],"1":[15,15],"2":[3,9]},"inputSourceMap":null,"_coverageSchema":"1a1c01bbd47fc00a2c39e90264f33305004495a9","hash":"634732d5a77c3185553ffd7f5285b9430635087a"}
,"/home/serg/workout/backend-project-4/src/pageLoader.js": {"path":"/home/serg/workout/backend-project-4/src/pageLoader.js","statementMap":{"0":{"start":{"line":10,"column":0},"end":{"line":10,"column":17}},"1":{"start":{"line":12,"column":17},"end":{"line":18,"column":1}},"2":{"start":{"line":13,"column":4},"end":{"line":17,"column":5}},"3":{"start":{"line":14,"column":8},"end":{"line":14,"column":30}},"4":{"start":{"line":16,"column":8},"end":{"line":16,"column":49}},"5":{"start":{"line":20,"column":26},"end":{"line":63,"column":1}},"6":{"start":{"line":21,"column":18},"end":{"line":52,"column":76}},"7":{"start":{"line":25,"column":16},"end":{"line":25,"column":44}},"8":{"start":{"line":26,"column":29},"end":{"line":26,"column":49}},"9":{"start":{"line":27,"column":16},"end":{"line":27,"column":51}},"10":{"start":{"line":28,"column":16},"end":{"line":28,"column":74}},"11":{"start":{"line":29,"column":16},"end":{"line":29,"column":70}},"12":{"start":{"line":31,"column":16},"end":{"line":37,"column":23}},"13":{"start":{"line":33,"column":24},"end":{"line":33,"column":40}},"14":{"start":{"line":35,"column":38},"end":{"line":37,"column":21}},"15":{"start":{"line":42,"column":27},"end":{"line":46,"column":18}},"16":{"start":{"line":43,"column":28},"end":{"line":43,"column":100}},"17":{"start":{"line":45,"column":20},"end":{"line":45,"column":36}},"18":{"start":{"line":50,"column":27},"end":{"line":50,"column":65}},"19":{"start":{"line":54,"column":4},"end":{"line":62,"column":11}},"20":{"start":{"line":55,"column":21},"end":{"line":55,"column":95}},"21":{"start":{"line":57,"column":12},"end":{"line":59,"column":13}},"22":{"start":{"line":58,"column":16},"end":{"line":58,"column":97}},"23":{"start":{"line":60,"column":12},"end":{"line":61,"column":47}},"24":{"start":{"line":61,"column":31},"end":{"line":61,"column":45}},"25":{"start":{"line":65,"column":22},"end":{"line":82,"column":1}},"26":{"start":{"line":66,"column":4},"end":{"line":81,"column":17}},"27":{"start":{"line":72,"column":12},"end":{"line":79,"column":19}},"28":{"start":{"line":74,"column":20},"end":{"line":74,"column":72}},"29":{"start":{"line":77,"column":20},"end":{"line":77,"column":49}},"30":{"start":{"line":78,"column":20},"end":{"line":78,"column":41}}},"fnMap":{"0":{"name":"(anonymous_0)","decl":{"start":{"line":12,"column":17},"end":{"line":12,"column":18}},"loc":{"start":{"line":12,"column":28},"end":{"line":18,"column":1}},"line":12},"1":{"name":"(anonymous_1)","decl":{"start":{"line":20,"column":26},"end":{"line":20,"column":27}},"loc":{"start":{"line":20,"column":62},"end":{"line":63,"column":1}},"line":20},"2":{"name":"(anonymous_2)","decl":{"start":{"line":24,"column":18},"end":{"line":24,"column":19}},"loc":{"start":{"line":24,"column":27},"end":{"line":38,"column":13}},"line":24},"3":{"name":"(anonymous_3)","decl":{"start":{"line":32,"column":26},"end":{"line":32,"column":27}},"loc":{"start":{"line":32,"column":40},"end":{"line":34,"column":21}},"line":32},"4":{"name":"(anonymous_4)","decl":{"start":{"line":35,"column":27},"end":{"line":35,"column":28}},"loc":{"start":{"line":35,"column":38},"end":{"line":37,"column":21}},"line":35},"5":{"name":"(anonymous_5)","decl":{"start":{"line":42,"column":18},"end":{"line":42,"column":19}},"loc":{"start":{"line":42,"column":27},"end":{"line":46,"column":18}},"line":42},"6":{"name":"(anonymous_6)","decl":{"start":{"line":43,"column":22},"end":{"line":43,"column":23}},"loc":{"start":{"line":43,"column":28},"end":{"line":43,"column":100}},"line":43},"7":{"name":"(anonymous_7)","decl":{"start":{"line":44,"column":22},"end":{"line":44,"column":23}},"loc":{"start":{"line":44,"column":32},"end":{"line":46,"column":17}},"line":44},"8":{"name":"(anonymous_8)","decl":{"start":{"line":50,"column":18},"end":{"line":50,"column":19}},"loc":{"start":{"line":50,"column":27},"end":{"line":50,"column":65}},"line":50},"9":{"name":"(anonymous_9)","decl":{"start":{"line":55,"column":15},"end":{"line":55,"column":16}},"loc":{"start":{"line":55,"column":21},"end":{"line":55,"column":95}},"line":55},"10":{"name":"(anonymous_10)","decl":{"start":{"line":56,"column":14},"end":{"line":56,"column":15}},"loc":{"start":{"line":56,"column":24},"end":{"line":62,"column":9}},"line":56},"11":{"name":"(anonymous_11)","decl":{"start":{"line":61,"column":22},"end":{"line":61,"column":23}},"loc":{"start":{"line":61,"column":31},"end":{"line":61,"column":45}},"line":61},"12":{"name":"(anonymous_12)","decl":{"start":{"line":65,"column":22},"end":{"line":65,"column":23}},"loc":{"start":{"line":65,"column":28},"end":{"line":82,"column":1}},"line":65},"13":{"name":"(anonymous_13)","decl":{"start":{"line":71,"column":16},"end":{"line":71,"column":17}},"loc":{"start":{"line":71,"column":34},"end":{"line":80,"column":9}},"line":71},"14":{"name":"(anonymous_14)","decl":{"start":{"line":73,"column":22},"end":{"line":73,"column":23}},"loc":{"start":{"line":73,"column":36},"end":{"line":75,"column":17}},"line":73},"15":{"name":"(anonymous_15)","decl":{"start":{"line":76,"column":23},"end":{"line":76,"column":24}},"loc":{"start":{"line":76,"column":34},"end":{"line":79,"column":17}},"line":76}},"branchMap":{"0":{"loc":{"start":{"line":20,"column":32},"end":{"line":20,"column":57}},"type":"default-arg","locations":[{"start":{"line":20,"column":44},"end":{"line":20,"column":57}}],"line":20},"1":{"loc":{"start":{"line":52,"column":19},"end":{"line":52,"column":73}},"type":"cond-expr","locations":[{"start":{"line":52,"column":53},"end":{"line":52,"column":61}},{"start":{"line":52,"column":64},"end":{"line":52,"column":73}}],"line":52},"2":{"loc":{"start":{"line":57,"column":12},"end":{"line":59,"column":13}},"type":"if","locations":[{"start":{"line":57,"column":12},"end":{"line":59,"column":13}},{"start":{},"end":{}}],"line":57}},"s":{"0":1,"1":1,"2":6,"3":6,"4":0,"5":1,"6":9,"7":6,"8":6,"9":6,"10":6,"11":6,"12":6,"13":4,"14":2,"15":4,"16":4,"17":4,"18":4,"19":9,"20":2,"21":7,"22":1,"23":6,"24":4,"25":1,"26":0,"27":0,"28":0,"29":0,"30":0},"f":{"0":6,"1":9,"2":6,"3":4,"4":2,"5":4,"6":4,"7":4,"8":4,"9":2,"10":7,"11":4,"12":0,"13":0,"14":0,"15":0},"b":{"0":[1],"1":[9,0],"2":[1,6]},"inputSourceMap":null,"_coverageSchema":"1a1c01bbd47fc00a2c39e90264f33305004495a9","hash":"2c35426f970dc2d6ae159f2478b1334b6dfc4756"}
,"/home/serg/workout/backend-project-4/src/utils.js": {"path":"/home/serg/workout/backend-project-4/src/utils.js","statementMap":{"0":{"start":{"line":3,"column":31},"end":{"line":6,"column":1}},"1":{"start":{"line":4,"column":31},"end":{"line":4,"column":43}},"2":{"start":{"line":5,"column":4},"end":{"line":5,"column":74}},"3":{"start":{"line":8,"column":32},"end":{"line":13,"column":1}},"4":{"start":{"line":9,"column":31},"end":{"line":9,"column":51}},"5":{"start":{"line":10,"column":31},"end":{"line":10,"column":57}},"6":{"start":{"line":11,"column":22},"end":{"line":11,"column":83}},"7":{"start":{"line":12,"column":4},"end":{"line":12,"column":60}},"8":{"start":{"line":15,"column":31},"end":{"line":20,"column":1}},"9":{"start":{"line":16,"column":4},"end":{"line":18,"column":5}},"10":{"start":{"line":17,"column":8},"end":{"line":17,"column":78}},"11":{"start":{"line":19,"column":4},"end":{"line":19,"column":25}}},"fnMap":{"0":{"name":"(anonymous_0)","decl":{"start":{"line":3,"column":31},"end":{"line":3,"column":32}},"loc":{"start":{"line":3,"column":40},"end":{"line":6,"column":1}},"line":3},"1":{"name":"(anonymous_1)","decl":{"start":{"line":8,"column":32},"end":{"line":8,"column":33}},"loc":{"start":{"line":8,"column":49},"end":{"line":13,"column":1}},"line":8},"2":{"name":"(anonymous_2)","decl":{"start":{"line":15,"column":31},"end":{"line":15,"column":32}},"loc":{"start":{"line":15,"column":42},"end":{"line":20,"column":1}},"line":15}},"branchMap":{"0":{"loc":{"start":{"line":12,"column":11},"end":{"line":12,"column":59}},"type":"cond-expr","locations":[{"start":{"line":12,"column":17},"end":{"line":12,"column":37}},{"start":{"line":12,"column":40},"end":{"line":12,"column":59}}],"line":12},"1":{"loc":{"start":{"line":16,"column":4},"end":{"line":18,"column":5}},"type":"if","locations":[{"start":{"line":16,"column":4},"end":{"line":18,"column":5}},{"start":{},"end":{}}],"line":16}},"s":{"0":1,"1":6,"2":6,"3":1,"4":9,"5":9,"6":9,"7":9,"8":1,"9":2,"10":1,"11":1},"f":{"0":6,"1":9,"2":2},"b":{"0":[9,0],"1":[1,1]},"inputSourceMap":null,"_coverageSchema":"1a1c01bbd47fc00a2c39e90264f33305004495a9","hash":"cdf55a694c81f3bffe0385a9ba7eaa1abf963529"}
}
