TN:
SF:src/loadResources.js
FN:15,(anonymous_0)
FN:17,(anonymous_1)
FN:19,(anonymous_2)
FN:22,(anonymous_3)
FN:26,(anonymous_4)
FN:31,(anonymous_5)
FN:49,(anonymous_6)
FN:50,(anonymous_7)
FN:56,(anonymous_8)
FNF:9
FNH:8
FNDA:12,(anonymous_0)
FNDA:9,(anonymous_1)
FNDA:9,(anonymous_2)
FNDA:4,(anonymous_3)
FNDA:15,(anonymous_4)
FNDA:63,(anonymous_5)
FNDA:9,(anonymous_6)
FNDA:0,(anonymous_7)
FNDA:4,(anonymous_8)
DA:7,1
DA:13,1
DA:15,12
DA:17,1
DA:18,9
DA:19,9
DA:23,4
DA:24,4
DA:26,4
DA:27,15
DA:28,15
DA:29,15
DA:31,63
DA:32,3
DA:36,12
DA:37,12
DA:39,0
DA:42,12
DA:43,3
DA:46,9
DA:47,9
DA:49,9
DA:50,0
DA:56,4
LF:24
LH:22
BRDA:31,0,0,3
BRDA:31,0,1,12
BRDA:31,1,0,15
BRDA:31,1,1,15
BRDA:42,2,0,3
BRDA:42,2,1,9
BRF:6
BRH:6
end_of_record
TN:
SF:src/pageLoader.js
FN:12,(anonymous_0)
FN:20,(anonymous_1)
FN:24,(anonymous_2)
FN:32,(anonymous_3)
FN:35,(anonymous_4)
FN:42,(anonymous_5)
FN:43,(anonymous_6)
FN:44,(anonymous_7)
FN:50,(anonymous_8)
FN:55,(anonymous_9)
FN:56,(anonymous_10)
FN:61,(anonymous_11)
FN:65,(anonymous_12)
FN:71,(anonymous_13)
FN:73,(anonymous_14)
FN:76,(anonymous_15)
FNF:16
FNH:12
FNDA:6,(anonymous_0)
FNDA:9,(anonymous_1)
FNDA:6,(anonymous_2)
FNDA:4,(anonymous_3)
FNDA:2,(anonymous_4)
FNDA:4,(anonymous_5)
FNDA:4,(anonymous_6)
FNDA:4,(anonymous_7)
FNDA:4,(anonymous_8)
FNDA:2,(anonymous_9)
FNDA:7,(anonymous_10)
FNDA:4,(anonymous_11)
FNDA:0,(anonymous_12)
FNDA:0,(anonymous_13)
FNDA:0,(anonymous_14)
FNDA:0,(anonymous_15)
DA:10,1
DA:12,1
DA:13,6
DA:14,6
DA:16,0
DA:20,1
DA:21,9
DA:25,6
DA:26,6
DA:27,6
DA:28,6
DA:29,6
DA:31,6
DA:33,4
DA:35,2
DA:42,4
DA:43,4
DA:45,4
DA:50,4
DA:54,9
DA:55,2
DA:57,7
DA:58,1
DA:60,6
DA:61,4
DA:65,1
DA:66,0
DA:72,0
DA:74,0
DA:77,0
DA:78,0
LF:31
LH:25
BRDA:20,0,0,1
BRDA:52,1,0,9
BRDA:52,1,1,0
BRDA:57,2,0,1
BRDA:57,2,1,6
BRF:5
BRH:4
end_of_record
TN:
SF:src/utils.js
FN:3,(anonymous_0)
FN:8,(anonymous_1)
FN:15,(anonymous_2)
FNF:3
FNH:3
FNDA:6,(anonymous_0)
FNDA:9,(anonymous_1)
FNDA:2,(anonymous_2)
DA:3,1
DA:4,6
DA:5,6
DA:8,1
DA:9,9
DA:10,9
DA:11,9
DA:12,9
DA:15,1
DA:16,2
DA:17,1
DA:19,1
LF:12
LH:12
BRDA:12,0,0,9
BRDA:12,0,1,0
BRDA:16,1,0,1
BRDA:16,1,1,1
BRF:4
BRH:3
end_of_record
