TN:
SF:src/loadResources.js
FN:15,(anonymous_0)
FN:17,(anonymous_1)
FN:19,(anonymous_2)
FN:22,(anonymous_3)
FN:26,(anonymous_4)
FN:31,(anonymous_5)
FN:49,(anonymous_6)
FN:52,(anonymous_7)
FN:58,(anonymous_8)
FNF:9
FNH:8
FNDA:9,(anonymous_0)
FNDA:7,(anonymous_1)
FNDA:7,(anonymous_2)
FNDA:3,(anonymous_3)
FNDA:11,(anonymous_4)
FNDA:47,(anonymous_5)
FNDA:7,(anonymous_6)
FNDA:0,(anonymous_7)
FNDA:3,(anonymous_8)
DA:7,1
DA:13,1
DA:15,9
DA:17,1
DA:18,7
DA:19,7
DA:23,3
DA:24,3
DA:26,3
DA:27,11
DA:28,11
DA:29,11
DA:31,47
DA:32,2
DA:36,9
DA:37,9
DA:39,0
DA:42,9
DA:43,2
DA:46,7
DA:47,7
DA:50,7
DA:53,0
DA:58,3
LF:24
LH:22
BRDA:31,0,0,2
BRDA:31,0,1,9
BRDA:31,1,0,11
BRDA:31,1,1,11
BRDA:42,2,0,2
BRDA:42,2,1,7
BRF:6
BRH:6
end_of_record
TN:
SF:src/pageLoader.js
FN:12,(anonymous_0)
FN:20,(anonymous_1)
FN:22,(anonymous_2)
FN:25,(anonymous_3)
FN:33,(anonymous_4)
FN:46,(anonymous_5)
FN:56,(anonymous_6)
FN:58,(anonymous_7)
FN:60,(anonymous_8)
FN:67,(anonymous_9)
FN:68,(anonymous_10)
FN:69,(anonymous_11)
FN:75,(anonymous_12)
FN:82,(anonymous_13)
FNF:14
FNH:10
FNDA:0,(anonymous_0)
FNDA:0,(anonymous_1)
FNDA:0,(anonymous_2)
FNDA:0,(anonymous_3)
FNDA:8,(anonymous_4)
FNDA:2,(anonymous_5)
FNDA:5,(anonymous_6)
FNDA:3,(anonymous_7)
FNDA:2,(anonymous_8)
FNDA:3,(anonymous_9)
FNDA:3,(anonymous_10)
FNDA:3,(anonymous_11)
FNDA:3,(anonymous_12)
FNDA:3,(anonymous_13)
DA:10,1
DA:12,1
DA:15,0
DA:21,0
DA:23,0
DA:26,0
DA:27,0
DA:33,1
DA:35,8
DA:36,8
DA:38,0
DA:40,8
DA:41,8
DA:42,8
DA:43,8
DA:44,8
DA:46,8
DA:47,2
DA:49,6
DA:50,1
DA:53,5
DA:57,5
DA:59,3
DA:61,2
DA:67,3
DA:68,3
DA:70,3
DA:76,3
DA:81,5
DA:82,3
LF:30
LH:24
BRDA:33,0,0,1
BRDA:49,1,0,1
BRDA:49,1,1,5
BRDA:79,2,0,5
BRDA:79,2,1,0
BRF:5
BRH:4
end_of_record
TN:
SF:src/utils.js
FN:3,(anonymous_0)
FN:8,(anonymous_1)
FN:15,(anonymous_2)
FNF:3
FNH:3
FNDA:10,(anonymous_0)
FNDA:9,(anonymous_1)
FNDA:2,(anonymous_2)
DA:3,2
DA:4,10
DA:5,10
DA:8,2
DA:9,9
DA:10,9
DA:11,9
DA:12,9
DA:15,2
DA:16,2
DA:17,1
DA:19,1
LF:12
LH:12
BRDA:12,0,0,8
BRDA:12,0,1,1
BRDA:16,1,0,1
BRDA:16,1,1,1
BRF:4
BRH:4
end_of_record
